[00:01:25] [User Authenticator #3/INFO]: UUID of player miliena is 446a55c1-1fb5-4c10-9c65-1acbbf3b4cd9
[00:01:29] [Server thread/INFO]: miliena[/89.217.171.215:55734] logged in with entity id 27582 at ([world]386.81499717498593, 75.0, 63.850163639176486)
[00:22:51] [Server thread/INFO]: miliena lost connection: Disconnected
[00:22:51] [Server thread/INFO]: miliena left the game
[00:30:01] [Server thread/INFO]: [Server] restart in 60
[00:30:31] [Server thread/INFO]: [Server] restart in 30
[00:30:46] [Server thread/INFO]: [Server] restart in 15
[00:30:56] [Server thread/INFO]: [Server] restart in 10
[00:31:01] [Server thread/INFO]: [Server] restart in 5
[00:31:02] [Server thread/INFO]: [Server] restart in 4
[00:31:03] [Server thread/INFO]: [Server] restart in 3
[00:31:04] [Server thread/INFO]: [Server] restart in 2
[00:31:05] [Server thread/INFO]: [Server] restart in 1
[00:31:06] [Server thread/INFO]: [Server] restart
[00:31:06] [Server thread/INFO]: Stopping the server
[00:31:06] [Server thread/INFO]: Stopping server
[00:31:06] [Server thread/INFO]: [SilkSpawners] Disabling SilkSpawners v6.0.1
[00:31:06] [Server thread/INFO]: [InvSort] Disabling InvSort v1.1.0
[00:31:06] [Server thread/INFO]: [DeadChest] Disabling DeadChest v3.2
[00:31:06] [Server thread/INFO]: [OpenInv] Disabling OpenInv v4.1.0
[00:31:06] [Server thread/INFO]: [Ping] Disabling Ping v1.5.2
[00:31:06] [Server thread/INFO]: [Timber] Disabling Timber v1.0.7
[00:31:06] [Server thread/INFO]: [ClearLag] Disabling ClearLag v3.1.6
[00:31:06] [Server thread/INFO]: [ClearLag] Clearlag is now disabled!
[00:31:06] [Server thread/INFO]: Saving players
[00:31:06] [Server thread/INFO]: Saving worlds
[00:31:06] [Server thread/INFO]: Saving chunks for level 'world'/minecraft:overworld
[00:31:07] [Server thread/INFO]: ThreadedAnvilChunkStorage (world): All chunks are saved
[00:31:07] [Server thread/INFO]: Saving chunks for level 'world_nether'/minecraft:the_nether
[00:31:07] [Server thread/INFO]: ThreadedAnvilChunkStorage (DIM-1): All chunks are saved
[00:31:07] [Server thread/INFO]: Saving chunks for level 'world_the_end'/minecraft:the_end
[00:31:07] [Server thread/INFO]: ThreadedAnvilChunkStorage (DIM1): All chunks are saved
[00:31:07] [Server thread/INFO]: ThreadedAnvilChunkStorage (world): All chunks are saved
[00:31:07] [Server thread/INFO]: ThreadedAnvilChunkStorage (DIM-1): All chunks are saved
[00:31:07] [Server thread/INFO]: ThreadedAnvilChunkStorage (DIM1): All chunks are saved
